<?xml version="1.0" encoding="UTF-8"?>
<!-- Generated by org.testng.reporters.JUnitReportReporter -->
<testsuite skipped="0" hostname="RSI1508" name="br.com.rsinet.Appium_Project.ProjetoAppium.BuscaTest" tests="1" failures="0" timestamp="2020-02-04T12:05:46 BRT" time="2.988" errors="0">
  <testcase name="BuscaSucesso" time="2.988" classname="br.com.rsinet.Appium_Project.ProjetoAppium.BuscaTest"/>
  <system-out/>
</testsuite> <!-- br.com.rsinet.Appium_Project.ProjetoAppium.BuscaTest -->
