<?xml version="1.0" encoding="UTF-8"?>
<!-- Generated by org.testng.reporters.JUnitReportReporter -->
<testsuite skipped="0" hostname="RSI1508" name="br.com.rsinet.Appium_Project.ProjetoAppium.CadastroTest" tests="1" failures="0" timestamp="2020-02-05T14:01:12 BRT" time="39.775" errors="0">
  <testcase name="CadastroFalha" time="39.775" classname="br.com.rsinet.Appium_Project.ProjetoAppium.CadastroTest"/>
  <system-out/>
</testsuite> <!-- br.com.rsinet.Appium_Project.ProjetoAppium.CadastroTest -->
