<?xml version="1.0" encoding="UTF-8"?>
<!-- Generated by org.testng.reporters.JUnitReportReporter -->
<testsuite skipped="0" hostname="RSI1508" name="br.com.rsinet.Appium_Project.ProjetoAppium.LupaTest" tests="1" failures="0" timestamp="2020-02-04T11:58:20 BRT" time="4.173" errors="0">
  <testcase name="LupaFalha" time="4.173" classname="br.com.rsinet.Appium_Project.ProjetoAppium.LupaTest"/>
  <system-out/>
</testsuite> <!-- br.com.rsinet.Appium_Project.ProjetoAppium.LupaTest -->
