<?xml version="1.0" encoding="UTF-8"?>
<!-- Generated by org.testng.reporters.JUnitReportReporter -->
<testsuite skipped="0" hostname="RSI1508" name="br.com.rsinet.Appium_Project.ProjetoAppium.CadastroTest" tests="1" failures="0" timestamp="2020-02-03T16:16:02 BRT" time="29.340" errors="0">
  <testcase name="CadastroSucesso" time="29.340" classname="br.com.rsinet.Appium_Project.ProjetoAppium.CadastroTest"/>
  <system-out/>
</testsuite> <!-- br.com.rsinet.Appium_Project.ProjetoAppium.CadastroTest -->
