<?xml version="1.0" encoding="UTF-8"?>
<!-- Generated by org.testng.reporters.JUnitReportReporter -->
<testsuite skipped="0" hostname="RSI1508" name="br.com.rsinet.Appium_Project.ProjetoAppium.BuscaTest" tests="2" failures="0" timestamp="2020-02-03T10:39:22 BRT" time="5.157" errors="0">
  <testcase name="BuscaSucesso" time="5.155" classname="br.com.rsinet.Appium_Project.ProjetoAppium.BuscaTest"/>
  <system-out/>
  <testcase name="BuscaFalha" time="0.002" classname="br.com.rsinet.Appium_Project.ProjetoAppium.BuscaTest"/>
  <system-out/>
</testsuite> <!-- br.com.rsinet.Appium_Project.ProjetoAppium.BuscaTest -->
