<?xml version="1.0" encoding="UTF-8"?>
<!-- Generated by org.testng.reporters.JUnitReportReporter -->
<testsuite skipped="0" hostname="RSI1508" name="br.com.rsinet.Appium_Project.ProjetoAppium.LupaTest" tests="2" failures="0" timestamp="2020-02-07T22:29:20 BRT" time="26.947" errors="0">
  <testcase name="LupaFalha" time="13.701" classname="br.com.rsinet.Appium_Project.ProjetoAppium.LupaTest"/>
  <testcase name="LupaSucesso" time="13.246" classname="br.com.rsinet.Appium_Project.ProjetoAppium.LupaTest"/>
</testsuite> <!-- br.com.rsinet.Appium_Project.ProjetoAppium.LupaTest -->
