<?xml version="1.0" encoding="UTF-8"?>
<!-- Generated by org.testng.reporters.JUnitReportReporter -->
<testsuite skipped="0" hostname="RSI1508" name="br.com.rsinet.Appium_Project.ProjetoAppium.Lupa" tests="2" failures="0" timestamp="2020-02-03T00:04:03 BRT" time="8.428" errors="0">
  <testcase name="LupaSucesso" time="5.561" classname="br.com.rsinet.Appium_Project.ProjetoAppium.Lupa"/>
  <system-out/>
  <testcase name="LupaFalha" time="2.867" classname="br.com.rsinet.Appium_Project.ProjetoAppium.Lupa"/>
  <system-out/>
</testsuite> <!-- br.com.rsinet.Appium_Project.ProjetoAppium.Lupa -->
