<?xml version="1.0" encoding="UTF-8"?>
<!-- Generated by org.testng.reporters.JUnitReportReporter -->
<testsuite skipped="0" hostname="RSI1508" name="br.com.rsinet.Appium_Project.ProjetoAppium.BuscaTest" tests="2" failures="0" timestamp="2020-02-11T13:36:51 BRT" time="40.204" errors="0">
  <testcase name="BuscaFalha" time="23.490" classname="br.com.rsinet.Appium_Project.ProjetoAppium.BuscaTest"/>
  <testcase name="BuscaSucesso" time="16.714" classname="br.com.rsinet.Appium_Project.ProjetoAppium.BuscaTest"/>
</testsuite> <!-- br.com.rsinet.Appium_Project.ProjetoAppium.BuscaTest -->
