<?xml version="1.0" encoding="UTF-8"?>
<!-- Generated by org.testng.reporters.JUnitReportReporter -->
<testsuite skipped="0" hostname="RSI1508" name="br.com.rsinet.Appium_Project.ProjetoAppium.BuscaTest" tests="2" failures="0" timestamp="2020-02-07T22:32:30 BRT" time="36.335" errors="0">
  <testcase name="BuscaFalha" time="24.251" classname="br.com.rsinet.Appium_Project.ProjetoAppium.BuscaTest"/>
  <testcase name="BuscaSucesso" time="12.084" classname="br.com.rsinet.Appium_Project.ProjetoAppium.BuscaTest"/>
</testsuite> <!-- br.com.rsinet.Appium_Project.ProjetoAppium.BuscaTest -->
